{"/Users/gleb/Documents/school_git/Stage-3-2024/react-rss-stage3/src/App.tsx": {"path":"/Users/gleb/Documents/school_git/Stage-3-2024/react-rss-stage3/src/App.tsx","statementMap":{"0":{"start":{"line":7,"column":2},"end":{"line":13,"column":null}}},"fnMap":{"0":{"name":"App","decl":{"start":{"line":6,"column":9},"end":{"line":6,"column":15}},"loc":{"start":{"line":6,"column":15},"end":{"line":15,"column":null}}}},"branchMap":{},"s":{"0":3},"f":{"0":3},"b":{}}
,"/Users/gleb/Documents/school_git/Stage-3-2024/react-rss-stage3/src/main.tsx": {"path":"/Users/gleb/Documents/school_git/Stage-3-2024/react-rss-stage3/src/main.tsx","statementMap":{"0":{"start":{"line":13,"column":15},"end":{"line":28,"column":null}},"1":{"start":{"line":53,"column":0},"end":{"line":58,"column":null}}},"fnMap":{},"branchMap":{},"s":{"0":0,"1":0},"f":{},"b":{}}
,"/Users/gleb/Documents/school_git/Stage-3-2024/react-rss-stage3/src/components/ErrorBoundary.tsx": {"path":"/Users/gleb/Documents/school_git/Stage-3-2024/react-rss-stage3/src/components/ErrorBoundary.tsx","statementMap":{"0":{"start":{"line":12,"column":0},"end":{"line":12,"column":6}},"1":{"start":{"line":13,"column":2},"end":{"line":13,"column":null}},"2":{"start":{"line":16,"column":4},"end":{"line":16,"column":null}},"3":{"start":{"line":20,"column":4},"end":{"line":26,"column":null}},"4":{"start":{"line":21,"column":6},"end":{"line":24,"column":null}},"5":{"start":{"line":28,"column":4},"end":{"line":28,"column":null}}},"fnMap":{"0":{"name":"(anonymous_0)","decl":{"start":{"line":12,"column":0},"end":{"line":12,"column":6}},"loc":{"start":{"line":12,"column":0},"end":{"line":13,"column":null}}},"1":{"name":"(anonymous_1)","decl":{"start":{"line":15,"column":2},"end":{"line":15,"column":9}},"loc":{"start":{"line":15,"column":55},"end":{"line":17,"column":null}}},"2":{"name":"(anonymous_2)","decl":{"start":{"line":19,"column":2},"end":{"line":19,"column":11}},"loc":{"start":{"line":19,"column":11},"end":{"line":29,"column":null}}}},"branchMap":{"0":{"loc":{"start":{"line":20,"column":4},"end":{"line":26,"column":null}},"type":"if","locations":[{"start":{"line":20,"column":4},"end":{"line":26,"column":null}},{"start":{},"end":{}}]}},"s":{"0":3,"1":2,"2":2,"3":4,"4":2,"5":2},"f":{"0":3,"1":2,"2":4},"b":{"0":[2,2]}}
,"/Users/gleb/Documents/school_git/Stage-3-2024/react-rss-stage3/src/components/404/404.tsx": {"path":"/Users/gleb/Documents/school_git/Stage-3-2024/react-rss-stage3/src/components/404/404.tsx","statementMap":{"0":{"start":{"line":10,"column":18},"end":{"line":24,"column":null}},"1":{"start":{"line":11,"column":16},"end":{"line":11,"column":null}},"2":{"start":{"line":13,"column":2},"end":{"line":22,"column":null}}},"fnMap":{"0":{"name":"(anonymous_0)","decl":{"start":{"line":10,"column":18},"end":{"line":10,"column":24}},"loc":{"start":{"line":10,"column":24},"end":{"line":24,"column":null}}}},"branchMap":{"0":{"loc":{"start":{"line":19,"column":14},"end":{"line":19,"column":48}},"type":"binary-expr","locations":[{"start":{"line":19,"column":14},"end":{"line":19,"column":34}},{"start":{"line":19,"column":34},"end":{"line":19,"column":48}}]}},"s":{"0":0,"1":0,"2":0},"f":{"0":0},"b":{"0":[0,0]}}
,"/Users/gleb/Documents/school_git/Stage-3-2024/react-rss-stage3/src/components/API/API.tsx": {"path":"/Users/gleb/Documents/school_git/Stage-3-2024/react-rss-stage3/src/components/API/API.tsx","statementMap":{"0":{"start":{"line":3,"column":23},"end":{"line":12,"column":null}},"1":{"start":{"line":4,"column":2},"end":{"line":11,"column":null}},"2":{"start":{"line":4,"column":48},"end":{"line":11,"column":4}},"3":{"start":{"line":14,"column":34},"end":{"line":29,"column":null}},"4":{"start":{"line":17,"column":2},"end":{"line":27,"column":null}},"5":{"start":{"line":18,"column":21},"end":{"line":20,"column":null}},"6":{"start":{"line":21,"column":4},"end":{"line":24,"column":null}},"7":{"start":{"line":22,"column":19},"end":{"line":22,"column":null}},"8":{"start":{"line":23,"column":6},"end":{"line":23,"column":null}},"9":{"start":{"line":26,"column":4},"end":{"line":26,"column":null}},"10":{"start":{"line":28,"column":2},"end":{"line":28,"column":null}},"11":{"start":{"line":31,"column":29},"end":{"line":42,"column":null}},"12":{"start":{"line":32,"column":2},"end":{"line":40,"column":null}},"13":{"start":{"line":33,"column":21},"end":{"line":33,"column":null}},"14":{"start":{"line":34,"column":4},"end":{"line":37,"column":null}},"15":{"start":{"line":35,"column":19},"end":{"line":35,"column":null}},"16":{"start":{"line":36,"column":6},"end":{"line":36,"column":null}},"17":{"start":{"line":39,"column":4},"end":{"line":39,"column":null}},"18":{"start":{"line":41,"column":2},"end":{"line":41,"column":null}}},"fnMap":{"0":{"name":"(anonymous_0)","decl":{"start":{"line":3,"column":23},"end":{"line":3,"column":24}},"loc":{"start":{"line":3,"column":66},"end":{"line":12,"column":null}}},"1":{"name":"(anonymous_1)","decl":{"start":{"line":4,"column":26},"end":{"line":4,"column":27}},"loc":{"start":{"line":4,"column":48},"end":{"line":11,"column":4}}},"2":{"name":"(anonymous_2)","decl":{"start":{"line":14,"column":34},"end":{"line":14,"column":null}},"loc":{"start":{"line":16,"column":24},"end":{"line":29,"column":null}}},"3":{"name":"(anonymous_3)","decl":{"start":{"line":31,"column":29},"end":{"line":31,"column":36}},"loc":{"start":{"line":31,"column":72},"end":{"line":42,"column":null}}}},"branchMap":{"0":{"loc":{"start":{"line":21,"column":4},"end":{"line":24,"column":null}},"type":"if","locations":[{"start":{"line":21,"column":4},"end":{"line":24,"column":null}},{"start":{},"end":{}}]},"1":{"loc":{"start":{"line":34,"column":4},"end":{"line":37,"column":null}},"type":"if","locations":[{"start":{"line":34,"column":4},"end":{"line":37,"column":null}},{"start":{},"end":{}}]}},"s":{"0":1,"1":0,"2":0,"3":1,"4":0,"5":0,"6":0,"7":0,"8":0,"9":0,"10":0,"11":1,"12":0,"13":0,"14":0,"15":0,"16":0,"17":0,"18":0},"f":{"0":0,"1":0,"2":0,"3":0},"b":{"0":[0,0],"1":[0,0]}}
,"/Users/gleb/Documents/school_git/Stage-3-2024/react-rss-stage3/src/components/Button/Button-error.tsx": {"path":"/Users/gleb/Documents/school_git/Stage-3-2024/react-rss-stage3/src/components/Button/Button-error.tsx","statementMap":{"0":{"start":{"line":3,"column":30},"end":{"line":23,"column":null}},"1":{"start":{"line":4,"column":42},"end":{"line":4,"column":null}},"2":{"start":{"line":6,"column":31},"end":{"line":8,"column":null}},"3":{"start":{"line":7,"column":4},"end":{"line":7,"column":null}},"4":{"start":{"line":10,"column":2},"end":{"line":12,"column":null}},"5":{"start":{"line":11,"column":4},"end":{"line":11,"column":null}},"6":{"start":{"line":14,"column":2},"end":{"line":21,"column":null}}},"fnMap":{"0":{"name":"(anonymous_0)","decl":{"start":{"line":3,"column":30},"end":{"line":3,"column":36}},"loc":{"start":{"line":3,"column":36},"end":{"line":23,"column":null}}},"1":{"name":"(anonymous_1)","decl":{"start":{"line":6,"column":31},"end":{"line":6,"column":37}},"loc":{"start":{"line":6,"column":37},"end":{"line":8,"column":null}}}},"branchMap":{"0":{"loc":{"start":{"line":10,"column":2},"end":{"line":12,"column":null}},"type":"if","locations":[{"start":{"line":10,"column":2},"end":{"line":12,"column":null}},{"start":{},"end":{}}]}},"s":{"0":1,"1":2,"2":2,"3":0,"4":2,"5":0,"6":2},"f":{"0":2,"1":0},"b":{"0":[0,2]}}
,"/Users/gleb/Documents/school_git/Stage-3-2024/react-rss-stage3/src/components/Button/Pagination/Pagination.tsx": {"path":"/Users/gleb/Documents/school_git/Stage-3-2024/react-rss-stage3/src/components/Button/Pagination/Pagination.tsx","statementMap":{"0":{"start":{"line":8,"column":46},"end":{"line":28,"column":null}},"1":{"start":{"line":12,"column":29},"end":{"line":16,"column":null}},"2":{"start":{"line":13,"column":4},"end":{"line":15,"column":null}},"3":{"start":{"line":14,"column":6},"end":{"line":14,"column":null}},"4":{"start":{"line":18,"column":25},"end":{"line":20,"column":null}},"5":{"start":{"line":19,"column":4},"end":{"line":19,"column":null}},"6":{"start":{"line":19,"column":25},"end":{"line":19,"column":null}},"7":{"start":{"line":22,"column":2},"end":{"line":26,"column":null}}},"fnMap":{"0":{"name":"(anonymous_0)","decl":{"start":{"line":8,"column":46},"end":{"line":8,"column":47}},"loc":{"start":{"line":11,"column":6},"end":{"line":28,"column":null}}},"1":{"name":"(anonymous_1)","decl":{"start":{"line":12,"column":29},"end":{"line":12,"column":35}},"loc":{"start":{"line":12,"column":35},"end":{"line":16,"column":null}}},"2":{"name":"(anonymous_2)","decl":{"start":{"line":18,"column":25},"end":{"line":18,"column":31}},"loc":{"start":{"line":18,"column":31},"end":{"line":20,"column":null}}}},"branchMap":{"0":{"loc":{"start":{"line":13,"column":4},"end":{"line":15,"column":null}},"type":"if","locations":[{"start":{"line":13,"column":4},"end":{"line":15,"column":null}},{"start":{},"end":{}}]},"1":{"loc":{"start":{"line":19,"column":4},"end":{"line":19,"column":null}},"type":"if","locations":[{"start":{"line":19,"column":4},"end":{"line":19,"column":null}},{"start":{},"end":{}}]}},"s":{"0":1,"1":0,"2":0,"3":0,"4":0,"5":0,"6":0,"7":0},"f":{"0":0,"1":0,"2":0},"b":{"0":[0,0],"1":[0,0]}}
,"/Users/gleb/Documents/school_git/Stage-3-2024/react-rss-stage3/src/components/Contacts/Contacts.tsx": {"path":"/Users/gleb/Documents/school_git/Stage-3-2024/react-rss-stage3/src/components/Contacts/Contacts.tsx","statementMap":{"0":{"start":{"line":5,"column":17},"end":{"line":7,"column":null}},"1":{"start":{"line":6,"column":2},"end":{"line":6,"column":null}}},"fnMap":{"0":{"name":"(anonymous_0)","decl":{"start":{"line":5,"column":17},"end":{"line":5,"column":23}},"loc":{"start":{"line":5,"column":23},"end":{"line":7,"column":null}}}},"branchMap":{},"s":{"0":0,"1":0},"f":{"0":0},"b":{}}
,"/Users/gleb/Documents/school_git/Stage-3-2024/react-rss-stage3/src/components/CustomHooks/useSearchQuery.tsx": {"path":"/Users/gleb/Documents/school_git/Stage-3-2024/react-rss-stage3/src/components/CustomHooks/useSearchQuery.tsx","statementMap":{"0":{"start":{"line":3,"column":23},"end":{"line":13,"column":null}},"1":{"start":{"line":4,"column":28},"end":{"line":7,"column":null}},"2":{"start":{"line":5,"column":18},"end":{"line":5,"column":null}},"3":{"start":{"line":6,"column":4},"end":{"line":6,"column":null}},"4":{"start":{"line":9,"column":2},"end":{"line":11,"column":null}},"5":{"start":{"line":10,"column":4},"end":{"line":10,"column":null}},"6":{"start":{"line":12,"column":2},"end":{"line":12,"column":null}}},"fnMap":{"0":{"name":"(anonymous_0)","decl":{"start":{"line":3,"column":23},"end":{"line":3,"column":24}},"loc":{"start":{"line":3,"column":62},"end":{"line":13,"column":null}}},"1":{"name":"(anonymous_1)","decl":{"start":{"line":4,"column":37},"end":{"line":4,"column":43}},"loc":{"start":{"line":4,"column":43},"end":{"line":7,"column":3}}},"2":{"name":"(anonymous_2)","decl":{"start":{"line":9,"column":12},"end":{"line":9,"column":18}},"loc":{"start":{"line":9,"column":18},"end":{"line":11,"column":5}}}},"branchMap":{"0":{"loc":{"start":{"line":6,"column":11},"end":{"line":6,"column":null}},"type":"cond-expr","locations":[{"start":{"line":6,"column":28},"end":{"line":6,"column":36}},{"start":{"line":6,"column":36},"end":{"line":6,"column":null}}]}},"s":{"0":1,"1":5,"2":4,"3":4,"4":4,"5":0,"6":4},"f":{"0":5,"1":4,"2":0},"b":{"0":[0,4]}}
,"/Users/gleb/Documents/school_git/Stage-3-2024/react-rss-stage3/src/components/Header/Header.tsx": {"path":"/Users/gleb/Documents/school_git/Stage-3-2024/react-rss-stage3/src/components/Header/Header.tsx","statementMap":{"0":{"start":{"line":34,"column":22},"end":{"line":44,"column":null}},"1":{"start":{"line":35,"column":14},"end":{"line":35,"column":null}},"2":{"start":{"line":36,"column":2},"end":{"line":36,"column":null}},"3":{"start":{"line":37,"column":21},"end":{"line":37,"column":null}},"4":{"start":{"line":38,"column":28},"end":{"line":38,"column":null}},"5":{"start":{"line":39,"column":51},"end":{"line":42,"column":null}},"6":{"start":{"line":43,"column":2},"end":{"line":43,"column":null}},"7":{"start":{"line":46,"column":18},"end":{"line":60,"column":null}},"8":{"start":{"line":47,"column":2},"end":{"line":59,"column":null}},"9":{"start":{"line":48,"column":28},"end":{"line":48,"column":null}},"10":{"start":{"line":49,"column":32},"end":{"line":51,"column":null}},"11":{"start":{"line":53,"column":4},"end":{"line":53,"column":null}},"12":{"start":{"line":55,"column":4},"end":{"line":55,"column":null}},"13":{"start":{"line":56,"column":28},"end":{"line":56,"column":null}},"14":{"start":{"line":57,"column":42},"end":{"line":57,"column":null}},"15":{"start":{"line":58,"column":4},"end":{"line":58,"column":null}},"16":{"start":{"line":62,"column":22},"end":{"line":64,"column":null}},"17":{"start":{"line":63,"column":2},"end":{"line":63,"column":null}},"18":{"start":{"line":66,"column":23},"end":{"line":154,"column":null}},"19":{"start":{"line":67,"column":57},"end":{"line":70,"column":null}},"20":{"start":{"line":72,"column":4},"end":{"line":72,"column":null}},"21":{"start":{"line":78,"column":40},"end":{"line":78,"column":null}},"22":{"start":{"line":79,"column":36},"end":{"line":79,"column":null}},"23":{"start":{"line":81,"column":4},"end":{"line":81,"column":null}},"24":{"start":{"line":82,"column":44},"end":{"line":82,"column":null}},"25":{"start":{"line":83,"column":19},"end":{"line":83,"column":null}},"26":{"start":{"line":85,"column":20},"end":{"line":97,"column":null}},"27":{"start":{"line":86,"column":4},"end":{"line":86,"column":null}},"28":{"start":{"line":87,"column":4},"end":{"line":96,"column":null}},"29":{"start":{"line":88,"column":21},"end":{"line":90,"column":null}},"30":{"start":{"line":91,"column":6},"end":{"line":91,"column":null}},"31":{"start":{"line":93,"column":6},"end":{"line":93,"column":null}},"32":{"start":{"line":95,"column":6},"end":{"line":95,"column":null}},"33":{"start":{"line":99,"column":2},"end":{"line":101,"column":null}},"34":{"start":{"line":100,"column":4},"end":{"line":100,"column":null}},"35":{"start":{"line":103,"column":34},"end":{"line":105,"column":null}},"36":{"start":{"line":104,"column":4},"end":{"line":104,"column":null}},"37":{"start":{"line":107,"column":34},"end":{"line":113,"column":null}},"38":{"start":{"line":108,"column":4},"end":{"line":108,"column":null}},"39":{"start":{"line":110,"column":4},"end":{"line":112,"column":null}},"40":{"start":{"line":111,"column":6},"end":{"line":111,"column":null}},"41":{"start":{"line":115,"column":27},"end":{"line":118,"column":null}},"42":{"start":{"line":116,"column":4},"end":{"line":116,"column":null}},"43":{"start":{"line":117,"column":4},"end":{"line":117,"column":null}},"44":{"start":{"line":120,"column":2},"end":{"line":152,"column":null}}},"fnMap":{"0":{"name":"(anonymous_0)","decl":{"start":{"line":34,"column":22},"end":{"line":34,"column":29}},"loc":{"start":{"line":34,"column":73},"end":{"line":44,"column":null}}},"1":{"name":"(anonymous_1)","decl":{"start":{"line":46,"column":18},"end":{"line":46,"column":25}},"loc":{"start":{"line":46,"column":69},"end":{"line":60,"column":null}}},"2":{"name":"(anonymous_2)","decl":{"start":{"line":62,"column":22},"end":{"line":62,"column":34}},"loc":{"start":{"line":62,"column":34},"end":{"line":64,"column":null}}},"3":{"name":"(anonymous_3)","decl":{"start":{"line":66,"column":23},"end":{"line":66,"column":29}},"loc":{"start":{"line":66,"column":29},"end":{"line":154,"column":null}}},"4":{"name":"(anonymous_4)","decl":{"start":{"line":85,"column":32},"end":{"line":85,"column":44}},"loc":{"start":{"line":85,"column":44},"end":{"line":97,"column":5}}},"5":{"name":"(anonymous_5)","decl":{"start":{"line":99,"column":12},"end":{"line":99,"column":18}},"loc":{"start":{"line":99,"column":18},"end":{"line":101,"column":5}}},"6":{"name":"(anonymous_6)","decl":{"start":{"line":103,"column":34},"end":{"line":103,"column":35}},"loc":{"start":{"line":103,"column":73},"end":{"line":105,"column":null}}},"7":{"name":"(anonymous_7)","decl":{"start":{"line":107,"column":34},"end":{"line":107,"column":35}},"loc":{"start":{"line":107,"column":70},"end":{"line":113,"column":null}}},"8":{"name":"(anonymous_8)","decl":{"start":{"line":110,"column":21},"end":{"line":110,"column":27}},"loc":{"start":{"line":110,"column":27},"end":{"line":112,"column":5}}},"9":{"name":"(anonymous_9)","decl":{"start":{"line":115,"column":27},"end":{"line":115,"column":28}},"loc":{"start":{"line":115,"column":45},"end":{"line":118,"column":null}}}},"branchMap":{"0":{"loc":{"start":{"line":37,"column":21},"end":{"line":37,"column":null}},"type":"binary-expr","locations":[{"start":{"line":37,"column":21},"end":{"line":37,"column":59}},{"start":{"line":37,"column":59},"end":{"line":37,"column":null}}]},"1":{"loc":{"start":{"line":38,"column":28},"end":{"line":38,"column":null}},"type":"binary-expr","locations":[{"start":{"line":38,"column":28},"end":{"line":38,"column":68}},{"start":{"line":38,"column":68},"end":{"line":38,"column":null}}]},"2":{"loc":{"start":{"line":49,"column":32},"end":{"line":51,"column":null}},"type":"cond-expr","locations":[{"start":{"line":50,"column":8},"end":{"line":50,"column":null}},{"start":{"line":51,"column":8},"end":{"line":51,"column":null}}]},"3":{"loc":{"start":{"line":88,"column":21},"end":{"line":90,"column":null}},"type":"cond-expr","locations":[{"start":{"line":89,"column":10},"end":{"line":89,"column":null}},{"start":{"line":90,"column":10},"end":{"line":90,"column":null}}]},"4":{"loc":{"start":{"line":137,"column":8},"end":{"line":150,"column":null}},"type":"binary-expr","locations":[{"start":{"line":137,"column":8},"end":{"line":137,"column":21}},{"start":{"line":137,"column":21},"end":{"line":137,"column":null}},{"start":{"line":138,"column":9},"end":{"line":138,"column":null}},{"start":{"line":139,"column":10},"end":{"line":146,"column":null}},{"start":{"line":148,"column":10},"end":{"line":150,"column":null}}]}},"s":{"0":1,"1":0,"2":0,"3":0,"4":0,"5":0,"6":0,"7":1,"8":0,"9":0,"10":0,"11":0,"12":0,"13":0,"14":0,"15":0,"16":1,"17":0,"18":1,"19":5,"20":4,"21":0,"22":0,"23":0,"24":0,"25":0,"26":0,"27":0,"28":0,"29":0,"30":0,"31":0,"32":0,"33":0,"34":0,"35":0,"36":0,"37":0,"38":0,"39":0,"40":0,"41":0,"42":0,"43":0,"44":0},"f":{"0":0,"1":0,"2":0,"3":5,"4":0,"5":0,"6":0,"7":0,"8":0,"9":0},"b":{"0":[0,0],"1":[0,0],"2":[0,0],"3":[0,0],"4":[0,0,0,0,0]}}
,"/Users/gleb/Documents/school_git/Stage-3-2024/react-rss-stage3/src/components/Main/Main-page.tsx": {"path":"/Users/gleb/Documents/school_git/Stage-3-2024/react-rss-stage3/src/components/Main/Main-page.tsx","statementMap":{"0":{"start":{"line":21,"column":37},"end":{"line":50,"column":null}},"1":{"start":{"line":22,"column":24},"end":{"line":30,"column":null}},"2":{"start":{"line":24,"column":6},"end":{"line":28,"column":null}},"3":{"start":{"line":25,"column":8},"end":{"line":27,"column":null}},"4":{"start":{"line":32,"column":2},"end":{"line":48,"column":null}}},"fnMap":{"0":{"name":"(anonymous_0)","decl":{"start":{"line":21,"column":37},"end":{"line":21,"column":38}},"loc":{"start":{"line":21,"column":70},"end":{"line":50,"column":null}}},"1":{"name":"(anonymous_1)","decl":{"start":{"line":22,"column":24},"end":{"line":22,"column":25}},"loc":{"start":{"line":22,"column":53},"end":{"line":30,"column":null}}},"2":{"name":"(anonymous_2)","decl":{"start":{"line":24,"column":31},"end":{"line":24,"column":32}},"loc":{"start":{"line":25,"column":8},"end":{"line":27,"column":null}}}},"branchMap":{},"s":{"0":1,"1":0,"2":0,"3":0,"4":0},"f":{"0":0,"1":0,"2":0},"b":{}}
}
